<?xml version="1.0" encoding="UTF-8"?>
<!-- Generated by org.testng.reporters.JUnitReportReporter -->
<testsuite hostname="MADNB3266" name="exapmle.NewTest" tests="1" failures="0" timestamp="7 Mar 2018 15:23:18 GMT" time="1.646" errors="0">
  <testcase name="testEasy" time="1.646" classname="exapmle.NewTest"/>
</testsuite> <!-- exapmle.NewTest -->
